Unity Editor version:    2020.3.22f1 (e1a7f79fd887)
Branch:                  2020.3/staging
Build type:              Release
Batch mode:              YES
macOS version:           Version 11.6.1 (Build 20G224)
Darwin version:          20.6.0
Architecture:            x86_64
Running under Rosetta:   NO
Available memory:        32768 MB
Using pre-set license
Pro License: NO

COMMAND LINE ARGUMENTS:
/Applications/Unity/Hub/Editor/2020.3.22f1/Unity.app/Contents/MacOS/Unity
-adb2
-batchMode
-noUpm
-name
AssetImportWorker0
-projectPath
/Users/renebarrow/Documents - This Computer/Unity Projects/Create with Code - Rene B/OCT2021-CreateWithCode-Prototype04
-logFile
Logs/AssetImportWorker0.log
-srvPort
55520
Successfully changed project path to: /Users/renebarrow/Documents - This Computer/Unity Projects/Create with Code - Rene B/OCT2021-CreateWithCode-Prototype04
/Users/renebarrow/Documents - This Computer/Unity Projects/Create with Code - Rene B/OCT2021-CreateWithCode-Prototype04
Using Asset Import Pipeline V2.
Refreshing native plugins compatible for Editor in 51.81 ms, found 2 plugins.
Preloading 0 native plugins for Editor in 0.00 ms.
Initialize engine version: 2020.3.22f1 (e1a7f79fd887)
[Subsystems] Discovering subsystems at path /Applications/Unity/Hub/Editor/2020.3.22f1/Unity.app/Contents/Resources/UnitySubsystems
[Subsystems] Discovering subsystems at path /Users/renebarrow/Documents - This Computer/Unity Projects/Create with Code - Rene B/OCT2021-CreateWithCode-Prototype04/Assets
GfxDevice: creating device client; threaded=0
2021-11-18 18:05:06.653 Unity[14666:1530709] Color LCD preferred device: AMD Radeon Pro 5500M (high power)
2021-11-18 18:05:06.653 Unity[14666:1530709] Metal devices available: 2
2021-11-18 18:05:06.653 Unity[14666:1530709] 0: AMD Radeon Pro 5500M (high power)
2021-11-18 18:05:06.653 Unity[14666:1530709] 1: Intel(R) UHD Graphics 630 (low power)
2021-11-18 18:05:06.653 Unity[14666:1530709] Using device AMD Radeon Pro 5500M (high power)
Initializing Metal device caps: AMD Radeon Pro 5500M
Initialize mono
Mono path[0] = '/Applications/Unity/Hub/Editor/2020.3.22f1/Unity.app/Contents/Managed'
Mono path[1] = '/Applications/Unity/Hub/Editor/2020.3.22f1/Unity.app/Contents/MonoBleedingEdge/lib/mono/unityjit'
Mono config path = '/Applications/Unity/Hub/Editor/2020.3.22f1/Unity.app/Contents/MonoBleedingEdge/etc'
Using monoOptions --debugger-agent=transport=dt_socket,embedding=1,server=y,suspend=n,address=127.0.0.1:56666
Begin MonoManager ReloadAssembly
Registering precompiled unity dll's ...
Register platform support module: /Applications/Unity/Hub/Editor/2020.3.22f1/PlaybackEngines/WebGLSupport/UnityEditor.WebGL.Extensions.dll
Register platform support module: /Applications/Unity/Hub/Editor/2020.3.22f1/Unity.app/Contents/PlaybackEngines/MacStandaloneSupport/UnityEditor.OSXStandalone.Extensions.dll
Register platform support module: /Applications/Unity/Hub/Editor/2020.3.22f1/PlaybackEngines/WindowsStandaloneSupport/UnityEditor.WindowsStandalone.Extensions.dll
Registered in 0.003357 seconds.
Native extension for WindowsStandalone target not found
Native extension for OSXStandalone target not found
Native extension for WebGL target not found
Refreshing native plugins compatible for Editor in 27.45 ms, found 2 plugins.
Preloading 0 native plugins for Editor in 0.00 ms.
Mono: successfully reloaded assembly
- Completed reload, in  4.444 seconds
Domain Reload Profiling:
	ReloadAssembly (4444ms)
		BeginReloadAssembly (85ms)
			ExecutionOrderSort (0ms)
			DisableScriptedObjects (0ms)
			BackupInstance (0ms)
			ReleaseScriptingObjects (0ms)
			CreateAndSetChildDomain (1ms)
		EndReloadAssembly (559ms)
			LoadAssemblies (87ms)
			RebuildTransferFunctionScriptingTraits (1ms)
			SetupTypeCache (220ms)
			ReleaseScriptCaches (0ms)
			RebuildScriptCaches (40ms)
			SetupLoadedEditorAssemblies (205ms)
				LogAssemblyErrors (0ms)
				InitializePlatformSupportModulesInManaged (5ms)
				SetLoadedEditorAssemblies (0ms)
				RefreshPlugins (27ms)
				BeforeProcessingInitializeOnLoad (31ms)
				ProcessInitializeOnLoadAttributes (106ms)
				ProcessInitializeOnLoadMethodAttributes (35ms)
				AfterProcessingInitializeOnLoad (0ms)
				EditorAssembliesLoaded (0ms)
			ExecutionOrderSort2 (0ms)
			AwakeInstancesAfterBackupRestoration (0ms)
Platform modules already initialized, skipping
Registering precompiled user dll's ...
Registered in 0.006912 seconds.
Begin MonoManager ReloadAssembly
Native extension for WindowsStandalone target not found
Native extension for OSXStandalone target not found
Native extension for WebGL target not found
Refreshing native plugins compatible for Editor in 0.30 ms, found 2 plugins.
Preloading 0 native plugins for Editor in 0.00 ms.
Mono: successfully reloaded assembly
- Completed reload, in  1.188 seconds
Domain Reload Profiling:
	ReloadAssembly (1189ms)
		BeginReloadAssembly (152ms)
			ExecutionOrderSort (0ms)
			DisableScriptedObjects (5ms)
			BackupInstance (0ms)
			ReleaseScriptingObjects (0ms)
			CreateAndSetChildDomain (30ms)
		EndReloadAssembly (969ms)
			LoadAssemblies (95ms)
			RebuildTransferFunctionScriptingTraits (0ms)
			SetupTypeCache (381ms)
			ReleaseScriptCaches (0ms)
			RebuildScriptCaches (48ms)
			SetupLoadedEditorAssemblies (333ms)
				LogAssemblyErrors (0ms)
				InitializePlatformSupportModulesInManaged (6ms)
				SetLoadedEditorAssemblies (0ms)
				RefreshPlugins (0ms)
				BeforeProcessingInitializeOnLoad (69ms)
				ProcessInitializeOnLoadAttributes (241ms)
				ProcessInitializeOnLoadMethodAttributes (14ms)
				AfterProcessingInitializeOnLoad (1ms)
				EditorAssembliesLoaded (0ms)
			ExecutionOrderSort2 (0ms)
			AwakeInstancesAfterBackupRestoration (8ms)
Platform modules already initialized, skipping
Validating Project structure ... 0.002001 seconds.
Shader import version has changed; will reimport all shaders...
Upgrading shader files ...0.004330 seconds.
Application.AssetDatabase Initial Script Refresh Start
RefreshInfo: InitialScriptRefreshV2(NoUpdateAssetOptions) scanfilter:  ... 1 filters
RefreshProfiler: Total: 0.000ms
Application.AssetDatabase Initial Script Refresh End
Application.AssetDatabase.Refresh Start
Application.AssetDatabase.Refresh End
RefreshInfo: StopAssetImportingV2(ForceSynchronousImport) scanfilter: 
RefreshProfiler: Total: 0.000ms
Launching external process: /Applications/Unity/Hub/Editor/2020.3.22f1/Unity.app/Contents/Tools/UnityShaderCompiler
Launched and connected shader compiler UnityShaderCompiler after 0.02 seconds
Initializing Unity extensions:
========================================================================
Worker process is ready to serve import requests
Refreshing native plugins compatible for Editor in 0.32 ms, found 2 plugins.
Preloading 0 native plugins for Editor in 0.00 ms.
Unloading 1495 Unused Serialized files (Serialized files now loaded: 0)
System memory in use before: 172.3 MB.
System memory in use after: 171.4 MB.

Unloading 84 unused Assets to reduce memory usage. Loaded Objects now: 1967.
Total: 3.223851 ms (FindLiveObjects: 0.153650 ms CreateObjectMapping: 0.042842 ms MarkObjects: 2.537461 ms  DeleteObjects: 0.489111 ms)

AssetImportParameters requested are different than current active one (requested -> active):
  custom:video-decoder-ogg-theora: a1e56fd34408186e4bbccfd4996cb3dc -> 
  custom:container-muxer-webm: aa71ff27fc2769a1b78a27578f13a17b -> 
  custom:container-demuxer-webm: 4f35f7cbe854078d1ac9338744f61a02 -> 
  custom:container-demuxer-ogg: 62fdf1f143b41e24485cea50d1cbac27 -> 
  custom:video-encoder-webm-vp8: eb34c28f22e8b96e1ab97ce403110664 -> 
  custom:framework-osx-AVFoundation: e770b220cccbd017edd2c1fefb359320 -> 
  custom:video-decoder-webm-vp8: 9c59270c3fd7afecdb556c50c9e8de78 -> 
  custom:audio-decoder-ogg-vorbis: bf7c407c2cedff20999df2af8eb42d56 -> 
  custom:audio-encoder-webm-vorbis: bf7c407c2cedff20999df2af8eb42d56 -> 
========================================================================
Received Import Request.
  path: Assets/Scripts/MoveLeft.cs
  artifactKey: Guid(de8ec6c84187648dfbddc6e5525f401b) Importer(815301076,1909f56bfc062723c751e8b465ee728b)
Start importing Assets/Scripts/MoveLeft.cs using Guid(de8ec6c84187648dfbddc6e5525f401b) Importer(815301076,1909f56bfc062723c751e8b465ee728b)  -> (artifact id: 'f1e01acf887e0e36fc340f6f6eeb476d') in 2.767028 seconds 
  Import took 2.769297 seconds .

========================================================================
Received Import Request.
  Time since last request: 36.036846 seconds.
  path: Assets/Prefabs/Obstacle.prefab
  artifactKey: Guid(44cf12e8190104d518d6b7ff5587a22f) Importer(815301076,1909f56bfc062723c751e8b465ee728b)
Start importing Assets/Prefabs/Obstacle.prefab using Guid(44cf12e8190104d518d6b7ff5587a22f) Importer(815301076,1909f56bfc062723c751e8b465ee728b)  -> (artifact id: '5390e8e003350d0c22ed30f8adceb022') in 1.356603 seconds 
  Import took 1.359901 seconds .

========================================================================
Received Import Request.
  Time since last request: 11.213990 seconds.
  path: Assets/Prefabs/Obstacle.prefab
  artifactKey: Guid(44cf12e8190104d518d6b7ff5587a22f) Importer(815301076,1909f56bfc062723c751e8b465ee728b)
Start importing Assets/Prefabs/Obstacle.prefab using Guid(44cf12e8190104d518d6b7ff5587a22f) Importer(815301076,1909f56bfc062723c751e8b465ee728b)  -> (artifact id: '3d26103cbd1d25c4d270584da184f5a1') in 0.013581 seconds 
  Import took 0.016574 seconds .

========================================================================
Received Import Request.
  Time since last request: 91.492121 seconds.
  path: Assets/Prefabs/Obstacle.prefab
  artifactKey: Guid(44cf12e8190104d518d6b7ff5587a22f) Importer(815301076,1909f56bfc062723c751e8b465ee728b)
Start importing Assets/Prefabs/Obstacle.prefab using Guid(44cf12e8190104d518d6b7ff5587a22f) Importer(815301076,1909f56bfc062723c751e8b465ee728b)  -> (artifact id: '90373e198b90e7689d0bb1172f3f5884') in 0.013628 seconds 
  Import took 0.016160 seconds .

========================================================================
Received Import Request.
  Time since last request: 6.546025 seconds.
  path: Assets/Prefabs/Obstacle.prefab
  artifactKey: Guid(44cf12e8190104d518d6b7ff5587a22f) Importer(815301076,1909f56bfc062723c751e8b465ee728b)
Start importing Assets/Prefabs/Obstacle.prefab using Guid(44cf12e8190104d518d6b7ff5587a22f) Importer(815301076,1909f56bfc062723c751e8b465ee728b)  -> (artifact id: '2221517ea2a38f52b7c704cd1313e77a') in 0.010364 seconds 
  Import took 0.012951 seconds .

========================================================================
Received Import Request.
  Time since last request: 125.258934 seconds.
  path: Assets/Prefabs/Obstacle.prefab
  artifactKey: Guid(44cf12e8190104d518d6b7ff5587a22f) Importer(815301076,1909f56bfc062723c751e8b465ee728b)
Start importing Assets/Prefabs/Obstacle.prefab using Guid(44cf12e8190104d518d6b7ff5587a22f) Importer(815301076,1909f56bfc062723c751e8b465ee728b)  -> (artifact id: '0e223119c12c60af158bd9d80efcc671') in 0.017947 seconds 
  Import took 0.022033 seconds .

========================================================================
Received Import Request.
  Time since last request: 6.801400 seconds.
  path: Assets/Prefabs/Obstacle.prefab
  artifactKey: Guid(44cf12e8190104d518d6b7ff5587a22f) Importer(815301076,1909f56bfc062723c751e8b465ee728b)
Start importing Assets/Prefabs/Obstacle.prefab using Guid(44cf12e8190104d518d6b7ff5587a22f) Importer(815301076,1909f56bfc062723c751e8b465ee728b)  -> (artifact id: '414f8f1ad0720802effe1f9f45089ed9') in 0.022256 seconds 
  Import took 0.026378 seconds .

========================================================================
Received Import Request.
  Time since last request: 105.056317 seconds.
  path: Assets/Prefabs/Obstacle.prefab
  artifactKey: Guid(44cf12e8190104d518d6b7ff5587a22f) Importer(815301076,1909f56bfc062723c751e8b465ee728b)
Start importing Assets/Prefabs/Obstacle.prefab using Guid(44cf12e8190104d518d6b7ff5587a22f) Importer(815301076,1909f56bfc062723c751e8b465ee728b)  -> (artifact id: '5a7dd89c2a3342a27dd7e00b0bda049d') in 0.020930 seconds 
  Import took 0.025269 seconds .

========================================================================
Received Import Request.
  Time since last request: 15.368084 seconds.
  path: Assets/Course Library/_Source_Files/FBX/Animations/SimpleCharacter_5.0.controller
  artifactKey: Guid(1de385df2ff713a41adfcbbb63b8af91) Importer(815301076,1909f56bfc062723c751e8b465ee728b)
Start importing Assets/Course Library/_Source_Files/FBX/Animations/SimpleCharacter_5.0.controller using Guid(1de385df2ff713a41adfcbbb63b8af91) Importer(815301076,1909f56bfc062723c751e8b465ee728b)  -> (artifact id: 'f1357fc62a812d1a664e9da9958fc8c4') in 0.618819 seconds 
  Import took 0.627115 seconds .

